#
# There is insufficient memory for the Java Runtime Environment to continue.
# Cannot create GC thread. Out of system resources.
# Possible reasons:
#   The system is out of physical RAM or swap space
#   In 32 bit mode, the process size limit was hit
# Possible solutions:
#   Reduce memory load on the system
#   Increase physical memory or swap space
#   Check if swap backing store is full
#   Use 64 bit Java on a 64 bit OS
#   Decrease Java heap size (-Xmx/-Xms)
#   Decrease number of Java threads
#   Decrease Java thread stack sizes (-Xss)
#   Set larger code cache with -XX:ReservedCodeCacheSize=
# This output file may be truncated or incomplete.
#
#  Out of Memory Error (gcTaskThread.cpp:48), pid=5123, tid=0x00007f2fc1f9a700
#
# JRE version:  (8.0_151-b12) (build )
# Java VM: Java HotSpot(TM) 64-Bit Server VM (25.151-b12 mixed mode linux-amd64 compressed oops)
# Failed to write core dump. Core dumps have been disabled. To enable core dumping, try "ulimit -c unlimited" before starting Java again
#

---------------  T H R E A D  ---------------

Current thread (0x00007f2fbc00a000):  JavaThread "Unknown thread" [_thread_in_vm, id=5125, stack(0x00007f2fc1e9a000,0x00007f2fc1f9b000)]

Stack: [0x00007f2fc1e9a000,0x00007f2fc1f9b000],  sp=0x00007f2fc1f995f0,  free space=1021k
Native frames: (J=compiled Java code, j=interpreted, Vv=VM code, C=native code)
V  [libjvm.so+0xacb58a]  VMError::report_and_die()+0x2ba
V  [libjvm.so+0x4ff4ab]  report_vm_out_of_memory(char const*, int, unsigned long, VMErrorType, char const*)+0x8b
V  [libjvm.so+0x5daabf]  GCTaskThread::GCTaskThread(GCTaskManager*, unsigned int, unsigned int)+0x15f
V  [libjvm.so+0x5d987b]  GCTaskManager::initialize()+0x3ab
V  [libjvm.so+0x94b90d]  ParallelScavengeHeap::initialize()+0x34d
V  [libjvm.so+0xa93603]  Universe::initialize_heap()+0xf3
V  [libjvm.so+0xa93b6e]  universe_init()+0x3e
V  [libjvm.so+0x640545]  init_globals()+0x65
V  [libjvm.so+0xa7725e]  Threads::create_vm(JavaVMInitArgs*, bool*)+0x23e
V  [libjvm.so+0x6d4e44]  JNI_CreateJavaVM+0x74
C  [libjli.so+0x797e]  JavaMain+0x9e
C  [libpthread.so.0+0x76ba]  start_thread+0xca


---------------  P R O C E S S  ---------------

Java Threads: ( => current thread )

Other Threads:

=>0x00007f2fbc00a000 (exited) JavaThread "Unknown thread" [_thread_in_vm, id=5125, stack(0x00007f2fc1e9a000,0x00007f2fc1f9b000)]

VM state:not at safepoint (not fully initialized)

VM Mutex/Monitor currently owned by a thread: None

GC Heap History (0 events):
No events

Deoptimization events (0 events):
No events

Internal exceptions (0 events):
No events

Events (0 events):
No events


Dynamic libraries:
00400000-00401000 r-xp 00000000 08:07 418395                             /usr/lib/jvm/java-8-oracle/bin/java
00600000-00601000 rw-p 00000000 08:07 418395                             /usr/lib/jvm/java-8-oracle/bin/java
01afc000-01b1d000 rw-p 00000000 00:00 0                                  [heap]
84e00000-8a100000 rw-p 00000000 00:00 0 
8a100000-d6f80000 ---p 00000000 00:00 0 
d6f80000-d9880000 rw-p 00000000 00:00 0 
d9880000-100000000 ---p 00000000 00:00 0 
7f2faafac000-7f2fab233000 rw-p 00000000 00:00 0 
7f2fab233000-7f2fab234000 ---p 00000000 00:00 0 
7f2fab234000-7f2fab334000 rw-p 00000000 00:00 0 
7f2fab334000-7f2fab335000 ---p 00000000 00:00 0 
7f2fab335000-7f2fab435000 rw-p 00000000 00:00 0 
7f2fab435000-7f2fab436000 ---p 00000000 00:00 0 
7f2fab436000-7f2fab560000 rw-p 00000000 00:00 0 
7f2fab560000-7f2fab7c7000 ---p 00000000 00:00 0 
7f2fab7c7000-7f2fab7f1000 rw-p 00000000 00:00 0 
7f2fab7f1000-7f2faba57000 ---p 00000000 00:00 0 
7f2faba57000-7f2faba6d000 rw-p 00000000 00:00 0 
7f2faba6d000-7f2fabba0000 ---p 00000000 00:00 0 
7f2fabba0000-7f2fabbab000 rw-p 00000000 00:00 0 
7f2fabbab000-7f2fabf61000 ---p 00000000 00:00 0 
7f2fabf61000-7f2fac1d1000 rwxp 00000000 00:00 0 
7f2fac1d1000-7f2fbaf61000 ---p 00000000 00:00 0 
7f2fbaf61000-7f2fbaf7c000 r-xp 00000000 08:07 820392                     /usr/lib/jvm/java-8-oracle/jre/lib/amd64/libzip.so
7f2fbaf7c000-7f2fbb17c000 ---p 0001b000 08:07 820392                     /usr/lib/jvm/java-8-oracle/jre/lib/amd64/libzip.so
7f2fbb17c000-7f2fbb17d000 rw-p 0001b000 08:07 820392                     /usr/lib/jvm/java-8-oracle/jre/lib/amd64/libzip.so
7f2fbb17d000-7f2fbb188000 r-xp 00000000 08:07 825071                     /lib/x86_64-linux-gnu/libnss_files-2.23.so
7f2fbb188000-7f2fbb387000 ---p 0000b000 08:07 825071                     /lib/x86_64-linux-gnu/libnss_files-2.23.so
7f2fbb387000-7f2fbb388000 r--p 0000a000 08:07 825071                     /lib/x86_64-linux-gnu/libnss_files-2.23.so
7f2fbb388000-7f2fbb389000 rw-p 0000b000 08:07 825071                     /lib/x86_64-linux-gnu/libnss_files-2.23.so
7f2fbb389000-7f2fbb38f000 rw-p 00000000 00:00 0 
7f2fbb38f000-7f2fbb39a000 r-xp 00000000 08:07 825079                     /lib/x86_64-linux-gnu/libnss_nis-2.23.so
7f2fbb39a000-7f2fbb599000 ---p 0000b000 08:07 825079                     /lib/x86_64-linux-gnu/libnss_nis-2.23.so
7f2fbb599000-7f2fbb59a000 r--p 0000a000 08:07 825079                     /lib/x86_64-linux-gnu/libnss_nis-2.23.so
7f2fbb59a000-7f2fbb59b000 rw-p 0000b000 08:07 825079                     /lib/x86_64-linux-gnu/libnss_nis-2.23.so
7f2fbb59b000-7f2fbb5b1000 r-xp 00000000 08:07 825039                     /lib/x86_64-linux-gnu/libnsl-2.23.so
7f2fbb5b1000-7f2fbb7b0000 ---p 00016000 08:07 825039                     /lib/x86_64-linux-gnu/libnsl-2.23.so
7f2fbb7b0000-7f2fbb7b1000 r--p 00015000 08:07 825039                     /lib/x86_64-linux-gnu/libnsl-2.23.so
7f2fbb7b1000-7f2fbb7b2000 rw-p 00016000 08:07 825039                     /lib/x86_64-linux-gnu/libnsl-2.23.so
7f2fbb7b2000-7f2fbb7b4000 rw-p 00000000 00:00 0 
7f2fbb7b4000-7f2fbb7bc000 r-xp 00000000 08:07 825061                     /lib/x86_64-linux-gnu/libnss_compat-2.23.so
7f2fbb7bc000-7f2fbb9bb000 ---p 00008000 08:07 825061                     /lib/x86_64-linux-gnu/libnss_compat-2.23.so
7f2fbb9bb000-7f2fbb9bc000 r--p 00007000 08:07 825061                     /lib/x86_64-linux-gnu/libnss_compat-2.23.so
7f2fbb9bc000-7f2fbb9bd000 rw-p 00008000 08:07 825061                     /lib/x86_64-linux-gnu/libnss_compat-2.23.so
7f2fbb9bd000-7f2fbb9e8000 r-xp 00000000 08:07 820366                     /usr/lib/jvm/java-8-oracle/jre/lib/amd64/libjava.so
7f2fbb9e8000-7f2fbbbe7000 ---p 0002b000 08:07 820366                     /usr/lib/jvm/java-8-oracle/jre/lib/amd64/libjava.so
7f2fbbbe7000-7f2fbbbe9000 rw-p 0002a000 08:07 820366                     /usr/lib/jvm/java-8-oracle/jre/lib/amd64/libjava.so
7f2fbbbe9000-7f2fbbbf6000 r-xp 00000000 08:07 820387                     /usr/lib/jvm/java-8-oracle/jre/lib/amd64/libverify.so
7f2fbbbf6000-7f2fbbdf6000 ---p 0000d000 08:07 820387                     /usr/lib/jvm/java-8-oracle/jre/lib/amd64/libverify.so
7f2fbbdf6000-7f2fbbdf8000 rw-p 0000d000 08:07 820387                     /usr/lib/jvm/java-8-oracle/jre/lib/amd64/libverify.so
7f2fbbdf8000-7f2fbbdff000 r-xp 00000000 08:07 825081                     /lib/x86_64-linux-gnu/librt-2.23.so
7f2fbbdff000-7f2fbbffe000 ---p 00007000 08:07 825081                     /lib/x86_64-linux-gnu/librt-2.23.so
7f2fbbffe000-7f2fbbfff000 r--p 00006000 08:07 825081                     /lib/x86_64-linux-gnu/librt-2.23.so
7f2fbbfff000-7f2fbc000000 rw-p 00007000 08:07 825081                     /lib/x86_64-linux-gnu/librt-2.23.so
7f2fbc000000-7f2fbc03d000 rw-p 00000000 00:00 0 
7f2fbc03d000-7f2fc0000000 ---p 00000000 00:00 0 
7f2fc0095000-7f2fc019d000 r-xp 00000000 08:07 825037                     /lib/x86_64-linux-gnu/libm-2.23.so
7f2fc019d000-7f2fc039c000 ---p 00108000 08:07 825037                     /lib/x86_64-linux-gnu/libm-2.23.so
7f2fc039c000-7f2fc039d000 r--p 00107000 08:07 825037                     /lib/x86_64-linux-gnu/libm-2.23.so
7f2fc039d000-7f2fc039e000 rw-p 00108000 08:07 825037                     /lib/x86_64-linux-gnu/libm-2.23.so
7f2fc039e000-7f2fc1071000 r-xp 00000000 08:07 820438                     /usr/lib/jvm/java-8-oracle/jre/lib/amd64/server/libjvm.so
7f2fc1071000-7f2fc1270000 ---p 00cd3000 08:07 820438                     /usr/lib/jvm/java-8-oracle/jre/lib/amd64/server/libjvm.so
7f2fc1270000-7f2fc134a000 rw-p 00cd2000 08:07 820438                     /usr/lib/jvm/java-8-oracle/jre/lib/amd64/server/libjvm.so
7f2fc134a000-7f2fc1395000 rw-p 00000000 00:00 0 
7f2fc1395000-7f2fc1555000 r-xp 00000000 08:07 825045                     /lib/x86_64-linux-gnu/libc-2.23.so
7f2fc1555000-7f2fc1755000 ---p 001c0000 08:07 825045                     /lib/x86_64-linux-gnu/libc-2.23.so
7f2fc1755000-7f2fc1759000 r--p 001c0000 08:07 825045                     /lib/x86_64-linux-gnu/libc-2.23.so
7f2fc1759000-7f2fc175b000 rw-p 001c4000 08:07 825045                     /lib/x86_64-linux-gnu/libc-2.23.so
7f2fc175b000-7f2fc175f000 rw-p 00000000 00:00 0 
7f2fc175f000-7f2fc1762000 r-xp 00000000 08:07 825049                     /lib/x86_64-linux-gnu/libdl-2.23.so
7f2fc1762000-7f2fc1961000 ---p 00003000 08:07 825049                     /lib/x86_64-linux-gnu/libdl-2.23.so
7f2fc1961000-7f2fc1962000 r--p 00002000 08:07 825049                     /lib/x86_64-linux-gnu/libdl-2.23.so
7f2fc1962000-7f2fc1963000 rw-p 00003000 08:07 825049                     /lib/x86_64-linux-gnu/libdl-2.23.so
7f2fc1963000-7f2fc1979000 r-xp 00000000 08:07 548177                     /usr/lib/jvm/java-8-oracle/lib/amd64/jli/libjli.so
7f2fc1979000-7f2fc1b78000 ---p 00016000 08:07 548177                     /usr/lib/jvm/java-8-oracle/lib/amd64/jli/libjli.so
7f2fc1b78000-7f2fc1b79000 rw-p 00015000 08:07 548177                     /usr/lib/jvm/java-8-oracle/lib/amd64/jli/libjli.so
7f2fc1b79000-7f2fc1b91000 r-xp 00000000 08:07 825043                     /lib/x86_64-linux-gnu/libpthread-2.23.so
7f2fc1b91000-7f2fc1d90000 ---p 00018000 08:07 825043                     /lib/x86_64-linux-gnu/libpthread-2.23.so
7f2fc1d90000-7f2fc1d91000 r--p 00017000 08:07 825043                     /lib/x86_64-linux-gnu/libpthread-2.23.so
7f2fc1d91000-7f2fc1d92000 rw-p 00018000 08:07 825043                     /lib/x86_64-linux-gnu/libpthread-2.23.so
7f2fc1d92000-7f2fc1d96000 rw-p 00000000 00:00 0 
7f2fc1d96000-7f2fc1dbc000 r-xp 00000000 08:07 825041                     /lib/x86_64-linux-gnu/ld-2.23.so
7f2fc1e9a000-7f2fc1e9d000 ---p 00000000 00:00 0 
7f2fc1e9d000-7f2fc1fa0000 rw-p 00000000 00:00 0 
7f2fc1fb1000-7f2fc1fb9000 rw-s 00000000 08:07 770841                     /tmp/hsperfdata_bubu/5123
7f2fc1fb9000-7f2fc1fba000 rw-p 00000000 00:00 0 
7f2fc1fba000-7f2fc1fbb000 r--p 00000000 00:00 0 
7f2fc1fbb000-7f2fc1fbc000 r--p 00025000 08:07 825041                     /lib/x86_64-linux-gnu/ld-2.23.so
7f2fc1fbc000-7f2fc1fbd000 rw-p 00026000 08:07 825041                     /lib/x86_64-linux-gnu/ld-2.23.so
7f2fc1fbd000-7f2fc1fbe000 rw-p 00000000 00:00 0 
7ffd4561c000-7ffd4563d000 rw-p 00000000 00:00 0                          [stack]
7ffd45764000-7ffd45767000 r--p 00000000 00:00 0                          [vvar]
7ffd45767000-7ffd45769000 r-xp 00000000 00:00 0                          [vdso]
ffffffffff600000-ffffffffff601000 r-xp 00000000 00:00 0                  [vsyscall]

VM Arguments:
jvm_args: -Dfile.encoding=UTF-8 
java_command: Maven.Thread1
java_class_path (initial): /usr/lib/jvm/java-8-oracle/jre/lib/resources.jar:/usr/lib/jvm/java-8-oracle/jre/lib/rt.jar:/usr/lib/jvm/java-8-oracle/jre/lib/jsse.jar:/usr/lib/jvm/java-8-oracle/jre/lib/jce.jar:/usr/lib/jvm/java-8-oracle/jre/lib/charsets.jar:/usr/lib/jvm/java-8-oracle/jre/lib/jfr.jar:/usr/lib/jvm/java-8-oracle/jre/lib/ext/localedata.jar:/usr/lib/jvm/java-8-oracle/jre/lib/ext/sunjce_provider.jar:/usr/lib/jvm/java-8-oracle/jre/lib/ext/zipfs.jar:/usr/lib/jvm/java-8-oracle/jre/lib/ext/nashorn.jar:/usr/lib/jvm/java-8-oracle/jre/lib/ext/dnsns.jar:/usr/lib/jvm/java-8-oracle/jre/lib/ext/sunpkcs11.jar:/usr/lib/jvm/java-8-oracle/jre/lib/ext/jfxrt.jar:/usr/lib/jvm/java-8-oracle/jre/lib/ext/sunec.jar:/usr/lib/jvm/java-8-oracle/jre/lib/ext/jaccess.jar:/usr/lib/jvm/java-8-oracle/jre/lib/ext/cldrdata.jar:/home/bubu/eclipse-workspace/Bai1/target/classes:/home/bubu/.m2/repository/com/googlecode/json-simple/json-simple/1.1.1/json-simple-1.1.1.jar:/home/bubu/.m2/repository/ch/qos/logback/logback-core/1.2.3/logback-core-1.2.3.jar:/home/bubu/.m2/repository/org/slf4j/slf4j-api/1.7.5/slf4j-api-1.7.5.jar:/home/bubu/.m2/repository/org/slf4j/slf4j-simple/1.6.4/slf4j-simple-1.6.4.jar
Launcher Type: SUN_STANDARD

Environment Variables:
JAVA_HOME=/usr/lib/jvm/java-8-oracle
CLASSPATH=/usr/share/java/mysql-connector-java.jar
PATH=/home/bubu/bin:/home/bubu/.local/bin:/opt/maven/bin:/usr/local/sbin:/usr/local/bin:/usr/sbin:/usr/bin:/sbin:/bin:/usr/games:/usr/local/games:/snap/bin:/usr/lib/jvm/java-8-oracle/bin:/usr/lib/jvm/java-8-oracle/db/bin:/usr/lib/jvm/java-8-oracle/jre/bin
SHELL=/bin/bash
DISPLAY=:0

Signal Handlers:
SIGSEGV: [libjvm.so+0xacbe10], sa_mask[0]=11111111011111111101111111111110, sa_flags=SA_RESTART|SA_SIGINFO
SIGBUS: [libjvm.so+0xacbe10], sa_mask[0]=11111111011111111101111111111110, sa_flags=SA_RESTART|SA_SIGINFO
SIGFPE: [libjvm.so+0x924f90], sa_mask[0]=11111111011111111101111111111110, sa_flags=SA_RESTART|SA_SIGINFO
SIGPIPE: [libjvm.so+0x924f90], sa_mask[0]=11111111011111111101111111111110, sa_flags=SA_RESTART|SA_SIGINFO
SIGXFSZ: [libjvm.so+0x924f90], sa_mask[0]=11111111011111111101111111111110, sa_flags=SA_RESTART|SA_SIGINFO
SIGILL: [libjvm.so+0x924f90], sa_mask[0]=11111111011111111101111111111110, sa_flags=SA_RESTART|SA_SIGINFO
SIGUSR1: SIG_DFL, sa_mask[0]=00000000000000000000000000000000, sa_flags=none
SIGUSR2: [libjvm.so+0x9267d0], sa_mask[0]=00100000000000000000000000000000, sa_flags=SA_RESTART|SA_SIGINFO
SIGHUP: SIG_DFL, sa_mask[0]=00000000000000000000000000000000, sa_flags=none
SIGINT: SIG_DFL, sa_mask[0]=00000000000000000000000000000000, sa_flags=none
SIGTERM: SIG_DFL, sa_mask[0]=00000000000000000000000000000000, sa_flags=none
SIGQUIT: SIG_DFL, sa_mask[0]=00000000000000000000000000000000, sa_flags=none


---------------  S Y S T E M  ---------------

OS:DISTRIB_ID=Ubuntu
DISTRIB_RELEASE=16.04
DISTRIB_CODENAME=xenial
DISTRIB_DESCRIPTION="Ubuntu 16.04.4 LTS"

uname:Linux 4.13.0-36-generic #40~16.04.1-Ubuntu SMP Fri Feb 16 23:25:58 UTC 2018 x86_64
libc:glibc 2.23 NPTL 2.23 
rlimit: STACK 8192k, CORE 0k, NPROC 31285, NOFILE 1048576, AS infinity
load average:3.89 2.00 1.36

/proc/meminfo:
MemTotal:        8061884 kB
MemFree:         1616552 kB
MemAvailable:    2204352 kB
Buffers:           20140 kB
Cached:          1299896 kB
SwapCached:           24 kB
Active:          4646176 kB
Inactive:        1202632 kB
Active(anon):    4264756 kB
Inactive(anon):   841056 kB
Active(file):     381420 kB
Inactive(file):   361576 kB
Unevictable:          80 kB
Mlocked:              80 kB
SwapTotal:      15998972 kB
SwapFree:       15991804 kB
Dirty:               344 kB
Writeback:             0 kB
AnonPages:       4528912 kB
Mapped:           730532 kB
Shmem:            577008 kB
Slab:             262100 kB
SReclaimable:     130368 kB
SUnreclaim:       131732 kB
KernelStack:      199856 kB
PageTables:        76444 kB
NFS_Unstable:          0 kB
Bounce:                0 kB
WritebackTmp:          0 kB
CommitLimit:    20029912 kB
Committed_AS:   23473776 kB
VmallocTotal:   34359738367 kB
VmallocUsed:           0 kB
VmallocChunk:          0 kB
HardwareCorrupted:     0 kB
AnonHugePages:         0 kB
ShmemHugePages:        0 kB
ShmemPmdMapped:        0 kB
CmaTotal:              0 kB
CmaFree:               0 kB
HugePages_Total:       0
HugePages_Free:        0
HugePages_Rsvd:        0
HugePages_Surp:        0
Hugepagesize:       2048 kB
DirectMap4k:      126560 kB
DirectMap2M:     5011456 kB
DirectMap1G:     3145728 kB


CPU:total 4 (initial active 4) (2 cores per cpu, 2 threads per core) family 6 model 142 stepping 9, cmov, cx8, fxsr, mmx, sse, sse2, sse3, ssse3, sse4.1, sse4.2, popcnt, avx, avx2, aes, clmul, erms, 3dnowpref, lzcnt, ht, tsc, tscinvbit, bmi1, bmi2, adx

/proc/cpuinfo:
processor	: 0
vendor_id	: GenuineIntel
cpu family	: 6
model		: 142
model name	: Intel(R) Core(TM) i7-7500U CPU @ 2.70GHz
stepping	: 9
microcode	: 0x62
cpu MHz		: 2900.000
cache size	: 4096 KB
physical id	: 0
siblings	: 4
core id		: 0
cpu cores	: 2
apicid		: 0
initial apicid	: 0
fpu		: yes
fpu_exception	: yes
cpuid level	: 22
wp		: yes
flags		: fpu vme de pse tsc msr pae mce cx8 apic sep mtrr pge mca cmov pat pse36 clflush dts acpi mmx fxsr sse sse2 ss ht tm pbe syscall nx pdpe1gb rdtscp lm constant_tsc art arch_perfmon pebs bts rep_good nopl xtopology nonstop_tsc cpuid aperfmperf tsc_known_freq pni pclmulqdq dtes64 monitor ds_cpl vmx est tm2 ssse3 sdbg fma cx16 xtpr pdcm pcid sse4_1 sse4_2 x2apic movbe popcnt tsc_deadline_timer aes xsave avx f16c rdrand lahf_lm abm 3dnowprefetch cpuid_fault epb invpcid_single pti retpoline intel_pt rsb_ctxsw tpr_shadow vnmi flexpriority ept vpid fsgsbase tsc_adjust bmi1 avx2 smep bmi2 erms invpcid mpx rdseed adx smap clflushopt xsaveopt xsavec xgetbv1 xsaves dtherm ida arat pln pts hwp hwp_notify hwp_act_window hwp_epp
bugs		: cpu_meltdown spectre_v1 spectre_v2
bogomips	: 5808.00
clflush size	: 64
cache_alignment	: 64
address sizes	: 39 bits physical, 48 bits virtual
power management:

processor	: 1
vendor_id	: GenuineIntel
cpu family	: 6
model		: 142
model name	: Intel(R) Core(TM) i7-7500U CPU @ 2.70GHz
stepping	: 9
microcode	: 0x62
cpu MHz		: 2900.000
cache size	: 4096 KB
physical id	: 0
siblings	: 4
core id		: 1
cpu cores	: 2
apicid		: 2
initial apicid	: 2
fpu		: yes
fpu_exception	: yes
cpuid level	: 22
wp		: yes
flags		: fpu vme de pse tsc msr pae mce cx8 apic sep mtrr pge mca cmov pat pse36 clflush dts acpi mmx fxsr sse sse2 ss ht tm pbe syscall nx pdpe1gb rdtscp lm constant_tsc art arch_perfmon pebs bts rep_good nopl xtopology nonstop_tsc cpuid aperfmperf tsc_known_freq pni pclmulqdq dtes64 monitor ds_cpl vmx est tm2 ssse3 sdbg fma cx16 xtpr pdcm pcid sse4_1 sse4_2 x2apic movbe popcnt tsc_deadline_timer aes xsave avx f16c rdrand lahf_lm abm 3dnowprefetch cpuid_fault epb invpcid_single pti retpoline intel_pt rsb_ctxsw tpr_shadow vnmi flexpriority ept vpid fsgsbase tsc_adjust bmi1 avx2 smep bmi2 erms invpcid mpx rdseed adx smap clflushopt xsaveopt xsavec xgetbv1 xsaves dtherm ida arat pln pts hwp hwp_notify hwp_act_window hwp_epp
bugs		: cpu_meltdown spectre_v1 spectre_v2
bogomips	: 5808.00
clflush size	: 64
cache_alignment	: 64
address sizes	: 39 bits physical, 48 bits virtual
power management:

processor	: 2
vendor_id	: GenuineIntel
cpu family	: 6
model		: 142
model name	: Intel(R) Core(TM) i7-7500U CPU @ 2.70GHz
stepping	: 9
microcode	: 0x62
cpu MHz		: 2900.000
cache size	: 4096 KB
physical id	: 0
siblings	: 4
core id		: 0
cpu cores	: 2
apicid		: 1
initial apicid	: 1
fpu		: yes
fpu_exception	: yes
cpuid level	: 22
wp		: yes
flags		: fpu vme de pse tsc msr pae mce cx8 apic sep mtrr pge mca cmov pat pse36 clflush dts acpi mmx fxsr sse sse2 ss ht tm pbe syscall nx pdpe1gb rdtscp lm constant_tsc art arch_perfmon pebs bts rep_good nopl xtopology nonstop_tsc cpuid aperfmperf tsc_known_freq pni pclmulqdq dtes64 monitor ds_cpl vmx est tm2 ssse3 sdbg fma cx16 xtpr pdcm pcid sse4_1 sse4_2 x2apic movbe popcnt tsc_deadline_timer aes xsave avx f16c rdrand lahf_lm abm 3dnowprefetch cpuid_fault epb invpcid_single pti retpoline intel_pt rsb_ctxsw tpr_shadow vnmi flexpriority ept vpid fsgsbase tsc_adjust bmi1 avx2 smep bmi2 erms invpcid mpx rdseed adx smap clflushopt xsaveopt xsavec xgetbv1 xsaves dtherm ida arat pln pts hwp hwp_notify hwp_act_window hwp_epp
bugs		: cpu_meltdown spectre_v1 spectre_v2
bogomips	: 5808.00
clflush size	: 64
cache_alignment	: 64
address sizes	: 39 bits physical, 48 bits virtual
power management:

processor	: 3
vendor_id	: GenuineIntel
cpu family	: 6
model		: 142
model name	: Intel(R) Core(TM) i7-7500U CPU @ 2.70GHz
stepping	: 9
microcode	: 0x62
cpu MHz		: 2900.000
cache size	: 4096 KB
physical id	: 0
siblings	: 4
core id		: 1
cpu cores	: 2
apicid		: 3
initial apicid	: 3
fpu		: yes
fpu_exception	: yes
cpuid level	: 22
wp		: yes
flags		: fpu vme de pse tsc msr pae mce cx8 apic sep mtrr pge mca cmov pat pse36 clflush dts acpi mmx fxsr sse sse2 ss ht tm pbe syscall nx pdpe1gb rdtscp lm constant_tsc art arch_perfmon pebs bts rep_good nopl xtopology nonstop_tsc cpuid aperfmperf tsc_known_freq pni pclmulqdq dtes64 monitor ds_cpl vmx est tm2 ssse3 sdbg fma cx16 xtpr pdcm pcid sse4_1 sse4_2 x2apic movbe popcnt tsc_deadline_timer aes xsave avx f16c rdrand lahf_lm abm 3dnowprefetch cpuid_fault epb invpcid_single pti retpoline intel_pt rsb_ctxsw tpr_shadow vnmi flexpriority ept vpid fsgsbase tsc_adjust bmi1 avx2 smep bmi2 erms invpcid mpx rdseed adx smap clflushopt xsaveopt xsavec xgetbv1 xsaves dtherm ida arat pln pts hwp hwp_notify hwp_act_window hwp_epp
bugs		: cpu_meltdown spectre_v1 spectre_v2
bogomips	: 5808.00
clflush size	: 64
cache_alignment	: 64
address sizes	: 39 bits physical, 48 bits virtual
power management:



Memory: 4k page, physical 8061884k(1616552k free), swap 15998972k(15991804k free)

vm_info: Java HotSpot(TM) 64-Bit Server VM (25.151-b12) for linux-amd64 JRE (1.8.0_151-b12), built on Sep  5 2017 19:20:58 by "java_re" with gcc 4.3.0 20080428 (Red Hat 4.3.0-8)

time: Tue Mar 13 15:17:44 2018
elapsed time: 0 seconds (0d 0h 0m 0s)

